Starting Fedora system update...
Refreshing package lists...
Updating and loading repositories:
Repositories loaded.
SDL2.x86_64                             2.30.11-1.fc41          updates
SDL2_image.x86_64                       2.8.4-1.fc41            updates
composefs.x86_64                        1.0.8-1.fc41            updates
composefs-libs.x86_64                   1.0.8-1.fc41            updates
curl.x86_64                             8.9.1-3.fc41            updates
dnsmasq.x86_64                          2.90-4.fc41             updates
firefox.x86_64                          134.0-1.fc41            updates
firefox-langpacks.x86_64                134.0-1.fc41            updates
gh.x86_64                               2.65.0-1                gh-cli
google-chrome-stable.x86_64             131.0.6778.264-1        google-chrome
gst-editing-services.x86_64             1.24.11-1.fc41          updates
gstreamer1.x86_64                       1.24.11-1.fc41          updates
gstreamer1-plugin-libav.x86_64          1.24.11-1.fc41          updates
gstreamer1-plugin-openh264.x86_64       1.24.11-1.fc41          updates
gstreamer1-plugins-bad-free.x86_64      1.24.11-1.fc41          updates
gstreamer1-plugins-bad-free-libs.x86_64 1.24.11-1.fc41          updates
gstreamer1-plugins-base.x86_64          1.24.11-1.fc41          updates
gstreamer1-plugins-good.x86_64          1.24.11-1.fc41          updates
gstreamer1-plugins-good-gtk.x86_64      1.24.11-1.fc41          updates
gstreamer1-plugins-good-qt.x86_64       1.24.11-1.fc41          updates
gstreamer1-plugins-good-qt6.x86_64      1.24.11-1.fc41          updates
gstreamer1-plugins-ugly-free.x86_64     1.24.11-1.fc41          updates
hwdata.noarch                           0.391-1.fc41            updates
hwdata-devel.noarch                     0.391-1.fc41            updates
kernel.x86_64                           6.12.8-200.fc41         updates
kernel-core.x86_64                      6.12.8-200.fc41         updates
kernel-devel.x86_64                     6.12.8-200.fc41         updates
kernel-devel-matched.x86_64             6.12.8-200.fc41         updates
kernel-modules.x86_64                   6.12.8-200.fc41         updates
kernel-modules-core.x86_64              6.12.8-200.fc41         updates
kernel-modules-extra.x86_64             6.12.8-200.fc41         updates
kernel-tools.x86_64                     6.12.8-200.fc41         updates
kernel-tools-libs.x86_64                6.12.8-200.fc41         updates
libXrender.x86_64                       0.9.12-1.fc41           updates
libXrender-devel.x86_64                 0.9.12-1.fc41           updates
libcurl-minimal.x86_64                  8.9.1-3.fc41            updates
libedit.x86_64                          3.1-54.20250104cvs.fc41 updates
libical.x86_64                          3.0.19-1.fc41           updates
libical-glib.x86_64                     3.0.19-1.fc41           updates
libinput.x86_64                         1.27.1-1.fc41           updates
libinput-devel.x86_64                   1.27.1-1.fc41           updates
libtirpc.x86_64                         1.3.6-1.rc3.fc41        updates
libxcrypt.x86_64                        4.4.37-4.fc41           updates
libxcrypt-devel.x86_64                  4.4.37-4.fc41           updates
mesa-dri-drivers.x86_64                 24.3.2-2.fc41           updates
mesa-filesystem.x86_64                  24.3.2-2.fc41           updates
mesa-libEGL.x86_64                      24.3.2-2.fc41           updates
mesa-libGL.x86_64                       24.3.2-2.fc41           updates
mesa-libgbm.x86_64                      24.3.2-2.fc41           updates
mesa-libgbm-devel.x86_64                24.3.2-2.fc41           updates
mesa-libglapi.x86_64                    24.3.2-2.fc41           updates
mesa-va-drivers.x86_64                  24.3.2-2.fc41           updates
mesa-vulkan-drivers.x86_64              24.3.2-2.fc41           updates
nwg-panel.noarch                        0.9.59-1.fc41           updates
python3-argcomplete.noarch              3.5.3-1.fc41            updates
python3-boto3.noarch                    1.35.92-1.fc41          updates
python3-botocore.noarch                 1.35.92-1.fc41          updates
python3-perf.x86_64                     6.12.8-200.fc41         updates
python3-productmd.noarch                1.43-1.fc41             updates
taglib.x86_64                           1.13.1-1.fc41           updates
vim-common.x86_64                       2:9.1.984-1.fc41        updates
vim-data.noarch                         2:9.1.984-1.fc41        updates
vim-enhanced.x86_64                     2:9.1.984-1.fc41        updates
vim-filesystem.noarch                   2:9.1.984-1.fc41        updates
vim-minimal.x86_64                      2:9.1.984-1.fc41        updates
xxd.x86_64                              2:9.1.984-1.fc41        updates
xxhash-libs.x86_64                      0.8.3-1.fc41            updates
Failed to refresh package lists
Starting Fedora system update...
Refreshing package lists...
Updating and loading repositories:
 Fedora 41 - x86_64 - Updates           100% |  34.7 KiB/s |  10.7 KiB |  00m00s
 google-chrome                          100% |   9.7 KiB/s |   1.3 KiB |  00m00s
 Fedora 41 - x86_64 - Updates           100% |   1.5 MiB/s |   2.0 MiB |  00m01s
 google-chrome                          100% |  13.2 KiB/s |   3.3 KiB |  00m00s
Repositories loaded.
audit.x86_64           4.0.3-1.fc41       updates
audit-libs.x86_64      4.0.3-1.fc41       updates
audit-rules.x86_64     4.0.3-1.fc41       updates
cups.x86_64            1:2.4.11-9.fc41    updates
cups-client.x86_64     1:2.4.11-9.fc41    updates
cups-filesystem.noarch 1:2.4.11-9.fc41    updates
cups-ipptool.x86_64    1:2.4.11-9.fc41    updates
cups-libs.x86_64       1:2.4.11-9.fc41    updates
gtk-vnc2.x86_64        1.4.0-1.fc41       updates
gvnc.x86_64            1.4.0-1.fc41       updates
gvncpulse.x86_64       1.4.0-1.fc41       updates
libXxf86vm.x86_64      1.1.6-1.fc41       updates
libnfsidmap.x86_64     1:2.8.1-4.rc2.fc41 updates
mediawriter.x86_64     5.2.3-1.fc41       updates
nfs-utils.x86_64       1:2.8.1-4.rc2.fc41 updates
openssl.x86_64         1:3.2.2-11.fc41    updates
openssl-devel.x86_64   1:3.2.2-11.fc41    updates
openssl-libs.x86_64    1:3.2.2-11.fc41    updates
python3-audit.x86_64   4.0.3-1.fc41       updates
Failed to refresh package lists
